<?xml version="1.0" encoding="UTF-8"?>
<!-- Generated by org.testng.reporters.JUnitReportReporter -->
<testsuite hostname="DESKTOP-1C7G5VD" failures="0" tests="2" name="qaacademy.maven2java.seleniumTest" time="0.031" errors="0" timestamp="2021-01-22T20:36:23 IST" skipped="0">
  <testcase classname="qaacademy.maven2java.seleniumTest" name="webapp" time="0.031"/>
  <system-out/>
  <testcase classname="qaacademy.maven2java.seleniumTest" name="webapps" time="0.000"/>
  <system-out/>
</testsuite> <!-- qaacademy.maven2java.seleniumTest -->
