<?xml version="1.0" encoding="UTF-8"?>
<!-- Generated by org.testng.reporters.JUnitReportReporter -->
<testsuite hostname="DESKTOP-1C7G5VD" failures="0" tests="2" name="qaacademy.maven2java.RestApiTest" time="0.012" errors="0" timestamp="2021-01-22T20:36:23 IST" skipped="0">
  <testcase classname="qaacademy.maven2java.RestApiTest" name="RestAPi" time="0.002"/>
  <system-out/>
  <testcase classname="qaacademy.maven2java.RestApiTest" name="RsetApi2" time="0.010"/>
  <system-out/>
</testsuite> <!-- qaacademy.maven2java.RestApiTest -->
